  [1m[35m (2.3ms)[0m  [1m[34mSELECT sqlite_version(*)[0m
  [1m[35m (1.1ms)[0m  [1m[35mCREATE TABLE "schema_migrations" ("version" varchar NOT NULL PRIMARY KEY)[0m
  [1m[35m (1.0ms)[0m  [1m[35mCREATE TABLE "ar_internal_metadata" ("key" varchar NOT NULL PRIMARY KEY, "value" varchar, "created_at" datetime(6) NOT NULL, "updated_at" datetime(6) NOT NULL)[0m
  [1m[35m (0.1ms)[0m  [1m[34mSELECT "schema_migrations"."version" FROM "schema_migrations" ORDER BY "schema_migrations"."version" ASC[0m
Migrating to CreateCats (20210613154809)
  [1m[36mTRANSACTION (0.1ms)[0m  [1m[36mbegin transaction[0m
  [1m[35m (0.3ms)[0m  [1m[35mCREATE TABLE "cats" ("id" integer PRIMARY KEY AUTOINCREMENT NOT NULL, "name" varchar, "image" varchar, "likes" varchar, "created_at" datetime(6) NOT NULL, "updated_at" datetime(6) NOT NULL)[0m
  [1m[36mActiveRecord::SchemaMigration Create (0.1ms)[0m  [1m[32mINSERT INTO "schema_migrations" ("version") VALUES (?)[0m  [["version", "20210613154809"]]
  [1m[36mTRANSACTION (0.6ms)[0m  [1m[36mcommit transaction[0m
Migrating to CreateComments (20210613154903)
  [1m[36mTRANSACTION (0.0ms)[0m  [1m[36mbegin transaction[0m
  [1m[35m (0.3ms)[0m  [1m[35mCREATE TABLE "comments" ("id" integer PRIMARY KEY AUTOINCREMENT NOT NULL, "cat_id" integer, "comment" varchar, "created_at" datetime(6) NOT NULL, "updated_at" datetime(6) NOT NULL)[0m
  [1m[36mActiveRecord::SchemaMigration Create (0.1ms)[0m  [1m[32mINSERT INTO "schema_migrations" ("version") VALUES (?)[0m  [["version", "20210613154903"]]
  [1m[36mTRANSACTION (0.7ms)[0m  [1m[36mcommit transaction[0m
  [1m[36mActiveRecord::InternalMetadata Load (0.1ms)[0m  [1m[34mSELECT "ar_internal_metadata".* FROM "ar_internal_metadata" WHERE "ar_internal_metadata"."key" = ? LIMIT ?[0m  [["key", "environment"], ["LIMIT", 1]]
  [1m[36mTRANSACTION (0.0ms)[0m  [1m[36mbegin transaction[0m
  [1m[36mActiveRecord::InternalMetadata Create (0.3ms)[0m  [1m[32mINSERT INTO "ar_internal_metadata" ("key", "value", "created_at", "updated_at") VALUES (?, ?, ?, ?)[0m  [["key", "environment"], ["value", "development"], ["created_at", "2021-06-13 15:54:31.505007"], ["updated_at", "2021-06-13 15:54:31.505007"]]
  [1m[36mTRANSACTION (0.5ms)[0m  [1m[36mcommit transaction[0m
  [1m[35m (0.1ms)[0m  [1m[34mSELECT sqlite_version(*)[0m
  [1m[35m (0.1ms)[0m  [1m[34mSELECT "schema_migrations"."version" FROM "schema_migrations" ORDER BY "schema_migrations"."version" ASC[0m
  [1m[35m (2.2ms)[0m  [1m[34mSELECT sqlite_version(*)[0m
  [1m[36mTRANSACTION (0.3ms)[0m  [1m[36mbegin transaction[0m
  [1m[36mCat Create (1.1ms)[0m  [1m[32mINSERT INTO "cats" ("name", "image", "likes", "created_at", "updated_at") VALUES (?, ?, ?, ?, ?)[0m  [["name", "Kit"], ["image", "http://catsitterdiary.com/learnco/react/cats/1.jpg"], ["likes", "0"], ["created_at", "2021-06-13 19:52:46.402079"], ["updated_at", "2021-06-13 19:52:46.402079"]]
  [1m[36mTRANSACTION (0.8ms)[0m  [1m[36mcommit transaction[0m
  [1m[36mTRANSACTION (0.2ms)[0m  [1m[36mbegin transaction[0m
  [1m[36mComment Create (0.5ms)[0m  [1m[32mINSERT INTO "comments" ("cat_id", "comment", "created_at", "updated_at") VALUES (?, ?, ?, ?)[0m  [["cat_id", 1], ["comment", "Cute"], ["created_at", "2021-06-13 19:55:12.918567"], ["updated_at", "2021-06-13 19:55:12.918567"]]
  [1m[36mTRANSACTION (0.9ms)[0m  [1m[36mcommit transaction[0m
  [1m[36mTRANSACTION (0.5ms)[0m  [1m[36mbegin transaction[0m
  [1m[36mComment Create (0.4ms)[0m  [1m[32mINSERT INTO "comments" ("cat_id", "comment", "created_at", "updated_at") VALUES (?, ?, ?, ?)[0m  [["cat_id", 1], ["comment", "Love this one"], ["created_at", "2021-06-13 19:56:06.194803"], ["updated_at", "2021-06-13 19:56:06.194803"]]
  [1m[36mTRANSACTION (1.3ms)[0m  [1m[36mcommit transaction[0m
Started GET "/" for 127.0.0.1 at 2021-06-13 16:20:38 -0400
  [1m[35m (2.2ms)[0m  [1m[34mSELECT sqlite_version(*)[0m
  [1m[35m (0.1ms)[0m  [1m[34mSELECT "schema_migrations"."version" FROM "schema_migrations" ORDER BY "schema_migrations"."version" ASC[0m
Processing by Rails::WelcomeController#index as HTML
  Rendering /Library/Ruby/Gems/2.6.0/gems/railties-6.1.3.2/lib/rails/templates/rails/welcome/index.html.erb
  Rendered /Library/Ruby/Gems/2.6.0/gems/railties-6.1.3.2/lib/rails/templates/rails/welcome/index.html.erb (Duration: 9.0ms | Allocations: 478)
Completed 200 OK in 31ms (Views: 15.9ms | ActiveRecord: 0.0ms | Allocations: 4130)


Started GET "/favicon.ico" for 127.0.0.1 at 2021-06-13 16:20:38 -0400
  
ActionController::RoutingError (No route matches [GET] "/favicon.ico"):
  
Started GET "/cats" for 127.0.0.1 at 2021-06-13 16:20:43 -0400
Processing by CatsController#index as HTML
  [1m[36mCat Load (0.2ms)[0m  [1m[34mSELECT "cats".* FROM "cats"[0m
  ↳ app/controllers/cats_controller.rb:9:in `index'
  [1m[36mComment Load (0.2ms)[0m  [1m[34mSELECT "comments".* FROM "comments" WHERE "comments"."cat_id" = ?[0m  [["cat_id", 1]]
  ↳ app/controllers/cats_controller.rb:9:in `index'
Completed 200 OK in 83ms (Views: 72.8ms | ActiveRecord: 1.7ms | Allocations: 14579)


Started GET "/cats" for 127.0.0.1 at 2021-06-13 16:22:43 -0400
  
SyntaxError (/Users/laura/Documents/15-FLATIRON/REACT-REDUX/Catsgram/react-redux-fp/back-end-cats/app/controllers/cats_controller.rb:9: syntax error, unexpected tIDENTIFIER, expecting end
...cats, include: [:comments] only: [:id, :name, :likes]
...                           ^~~~):
  
app/controllers/cats_controller.rb:9: syntax error, unexpected tIDENTIFIER, expecting end
app/controllers/cats_controller.rb:9: syntax error, unexpected tIDENTIFIER, expecting end
Started GET "/cats" for 127.0.0.1 at 2021-06-13 16:23:01 -0400
  
SyntaxError (/Users/laura/Documents/15-FLATIRON/REACT-REDUX/Catsgram/react-redux-fp/back-end-cats/app/controllers/cats_controller.rb:9: syntax error, unexpected tLABEL, expecting do or '{' or '('
        render json: cats only: [:id, :name, :likes], includ...
                          ^~~~~
/Users/laura/Documents/15-FLATIRON/REACT-REDUX/Catsgram/react-redux-fp/back-end-cats/app/controllers/cats_controller.rb:9: syntax error, unexpected ',', expecting end
...ats only: [:id, :name, :likes], include: [:comments]
...                              ^):
  
app/controllers/cats_controller.rb:9: syntax error, unexpected tLABEL, expecting do or '{' or '('
app/controllers/cats_controller.rb:9: syntax error, unexpected ',', expecting end
app/controllers/cats_controller.rb:9: syntax error, unexpected tLABEL, expecting do or '{' or '('
app/controllers/cats_controller.rb:9: syntax error, unexpected ',', expecting end
Started GET "/cats" for 127.0.0.1 at 2021-06-13 16:23:12 -0400
  
SyntaxError (/Users/laura/Documents/15-FLATIRON/REACT-REDUX/Catsgram/react-redux-fp/back-end-cats/app/controllers/cats_controller.rb:9: syntax error, unexpected tLABEL, expecting do or '{' or '('
        render json: cats only: [:id, :name, :likes]
                          ^~~~~):
  
app/controllers/cats_controller.rb:9: syntax error, unexpected tLABEL, expecting do or '{' or '('
app/controllers/cats_controller.rb:9: syntax error, unexpected tLABEL, expecting do or '{' or '('
Started GET "/cats" for 127.0.0.1 at 2021-06-13 16:23:27 -0400
Processing by CatsController#index as HTML
  [1m[35m (0.1ms)[0m  [1m[34mSELECT sqlite_version(*)[0m
  ↳ app/controllers/cats_controller.rb:9:in `index'
  [1m[36mCat Load (0.2ms)[0m  [1m[34mSELECT "cats".* FROM "cats"[0m
  ↳ app/controllers/cats_controller.rb:9:in `index'
Completed 200 OK in 14ms (Views: 10.8ms | ActiveRecord: 2.3ms | Allocations: 5419)


Started GET "/cats" for 127.0.0.1 at 2021-06-13 16:23:51 -0400
Processing by CatsController#index as HTML
  [1m[35m (0.1ms)[0m  [1m[34mSELECT sqlite_version(*)[0m
  ↳ app/controllers/cats_controller.rb:9:in `index'
  [1m[36mCat Load (0.1ms)[0m  [1m[34mSELECT "cats".* FROM "cats"[0m
  ↳ app/controllers/cats_controller.rb:9:in `index'
  [1m[36mComment Load (0.1ms)[0m  [1m[34mSELECT "comments".* FROM "comments" WHERE "comments"."cat_id" = ?[0m  [["cat_id", 1]]
  ↳ app/controllers/cats_controller.rb:9:in `index'
Completed 200 OK in 17ms (Views: 15.0ms | ActiveRecord: 1.6ms | Allocations: 9503)


Started GET "/cats" for 127.0.0.1 at 2021-06-13 16:26:38 -0400
  [1m[35m (1.2ms)[0m  [1m[34mSELECT sqlite_version(*)[0m
  [1m[35m (0.2ms)[0m  [1m[34mSELECT "schema_migrations"."version" FROM "schema_migrations" ORDER BY "schema_migrations"."version" ASC[0m
Processing by CatsController#index as HTML
  [1m[36mCat Load (0.2ms)[0m  [1m[34mSELECT "cats".* FROM "cats"[0m
  ↳ app/controllers/cats_controller.rb:9:in `index'
  [1m[36mComment Load (0.1ms)[0m  [1m[34mSELECT "comments".* FROM "comments" WHERE "comments"."cat_id" = ?[0m  [["cat_id", 1]]
  ↳ app/controllers/cats_controller.rb:9:in `index'
Completed 200 OK in 41ms (Views: 31.0ms | ActiveRecord: 2.0ms | Allocations: 14571)


Started GET "/cats" for 127.0.0.1 at 2021-06-13 17:26:52 -0400
Processing by CatsController#index as */*
  [1m[35m (2.2ms)[0m  [1m[34mSELECT sqlite_version(*)[0m
  ↳ app/controllers/cats_controller.rb:9:in `index'
  [1m[36mCat Load (0.1ms)[0m  [1m[34mSELECT "cats".* FROM "cats"[0m
  ↳ app/controllers/cats_controller.rb:9:in `index'
  [1m[36mComment Load (0.1ms)[0m  [1m[34mSELECT "comments".* FROM "comments" WHERE "comments"."cat_id" = ?[0m  [["cat_id", 1]]
  ↳ app/controllers/cats_controller.rb:9:in `index'
Completed 200 OK in 69ms (Views: 57.7ms | ActiveRecord: 3.5ms | Allocations: 2210)


Started GET "/cats" for 127.0.0.1 at 2021-06-13 17:28:51 -0400
Processing by CatsController#index as */*
  [1m[36mCat Load (0.1ms)[0m  [1m[34mSELECT "cats".* FROM "cats"[0m
  ↳ app/controllers/cats_controller.rb:9:in `index'
  [1m[36mComment Load (0.1ms)[0m  [1m[34mSELECT "comments".* FROM "comments" WHERE "comments"."cat_id" = ?[0m  [["cat_id", 1]]
  ↳ app/controllers/cats_controller.rb:9:in `index'
Completed 200 OK in 68ms (Views: 66.5ms | ActiveRecord: 0.3ms | Allocations: 1614)


Started GET "/cats" for 127.0.0.1 at 2021-06-13 17:28:52 -0400
Processing by CatsController#index as */*
  [1m[36mCat Load (0.1ms)[0m  [1m[34mSELECT "cats".* FROM "cats"[0m
  ↳ app/controllers/cats_controller.rb:9:in `index'
  [1m[36mComment Load (0.1ms)[0m  [1m[34mSELECT "comments".* FROM "comments" WHERE "comments"."cat_id" = ?[0m  [["cat_id", 1]]
  ↳ app/controllers/cats_controller.rb:9:in `index'
Completed 200 OK in 150ms (Views: 148.3ms | ActiveRecord: 0.3ms | Allocations: 1658)


Started GET "/cats" for 127.0.0.1 at 2021-06-13 17:28:52 -0400
Processing by CatsController#index as */*
  [1m[36mCat Load (0.1ms)[0m  [1m[34mSELECT "cats".* FROM "cats"[0m
  ↳ app/controllers/cats_controller.rb:9:in `index'
  [1m[36mComment Load (0.1ms)[0m  [1m[34mSELECT "comments".* FROM "comments" WHERE "comments"."cat_id" = ?[0m  [["cat_id", 1]]
  ↳ app/controllers/cats_controller.rb:9:in `index'
Completed 200 OK in 2ms (Views: 1.8ms | ActiveRecord: 0.2ms | Allocations: 1594)


Started GET "/cats" for 127.0.0.1 at 2021-06-13 17:28:54 -0400
Processing by CatsController#index as */*
  [1m[36mCat Load (0.1ms)[0m  [1m[34mSELECT "cats".* FROM "cats"[0m
  ↳ app/controllers/cats_controller.rb:9:in `index'
  [1m[36mComment Load (0.1ms)[0m  [1m[34mSELECT "comments".* FROM "comments" WHERE "comments"."cat_id" = ?[0m  [["cat_id", 1]]
  ↳ app/controllers/cats_controller.rb:9:in `index'
Completed 200 OK in 2ms (Views: 1.8ms | ActiveRecord: 0.2ms | Allocations: 1614)


Started GET "/cats" for 127.0.0.1 at 2021-06-13 17:28:54 -0400
Processing by CatsController#index as */*
  [1m[36mCat Load (0.1ms)[0m  [1m[34mSELECT "cats".* FROM "cats"[0m
  ↳ app/controllers/cats_controller.rb:9:in `index'
  [1m[36mComment Load (0.1ms)[0m  [1m[34mSELECT "comments".* FROM "comments" WHERE "comments"."cat_id" = ?[0m  [["cat_id", 1]]
  ↳ app/controllers/cats_controller.rb:9:in `index'
Completed 200 OK in 3ms (Views: 2.6ms | ActiveRecord: 0.2ms | Allocations: 1594)


Started GET "/cats" for 127.0.0.1 at 2021-06-13 17:28:54 -0400
Processing by CatsController#index as */*
  [1m[36mCat Load (0.1ms)[0m  [1m[34mSELECT "cats".* FROM "cats"[0m
  ↳ app/controllers/cats_controller.rb:9:in `index'
  [1m[36mComment Load (0.1ms)[0m  [1m[34mSELECT "comments".* FROM "comments" WHERE "comments"."cat_id" = ?[0m  [["cat_id", 1]]
  ↳ app/controllers/cats_controller.rb:9:in `index'
Completed 200 OK in 3ms (Views: 2.3ms | ActiveRecord: 0.2ms | Allocations: 1594)


Started GET "/cats" for 127.0.0.1 at 2021-06-13 17:28:55 -0400
Processing by CatsController#index as */*
  [1m[36mCat Load (0.1ms)[0m  [1m[34mSELECT "cats".* FROM "cats"[0m
  ↳ app/controllers/cats_controller.rb:9:in `index'
  [1m[36mComment Load (0.1ms)[0m  [1m[34mSELECT "comments".* FROM "comments" WHERE "comments"."cat_id" = ?[0m  [["cat_id", 1]]
  ↳ app/controllers/cats_controller.rb:9:in `index'
Completed 200 OK in 2ms (Views: 1.7ms | ActiveRecord: 0.2ms | Allocations: 1594)


Started GET "/cats" for 127.0.0.1 at 2021-06-13 17:28:55 -0400
Processing by CatsController#index as */*
  [1m[36mCat Load (0.1ms)[0m  [1m[34mSELECT "cats".* FROM "cats"[0m
  ↳ app/controllers/cats_controller.rb:9:in `index'
  [1m[36mComment Load (0.1ms)[0m  [1m[34mSELECT "comments".* FROM "comments" WHERE "comments"."cat_id" = ?[0m  [["cat_id", 1]]
  ↳ app/controllers/cats_controller.rb:9:in `index'
Completed 200 OK in 2ms (Views: 1.8ms | ActiveRecord: 0.2ms | Allocations: 1594)


Started GET "/cats" for 127.0.0.1 at 2021-06-13 17:29:23 -0400
Processing by CatsController#index as */*
  [1m[36mCat Load (0.1ms)[0m  [1m[34mSELECT "cats".* FROM "cats"[0m
  ↳ app/controllers/cats_controller.rb:9:in `index'
  [1m[36mComment Load (0.1ms)[0m  [1m[34mSELECT "comments".* FROM "comments" WHERE "comments"."cat_id" = ?[0m  [["cat_id", 1]]
  ↳ app/controllers/cats_controller.rb:9:in `index'
Completed 200 OK in 4ms (Views: 3.2ms | ActiveRecord: 0.2ms | Allocations: 1594)


Started GET "/cats" for 127.0.0.1 at 2021-06-13 17:29:23 -0400
Processing by CatsController#index as */*
  [1m[36mCat Load (0.2ms)[0m  [1m[34mSELECT "cats".* FROM "cats"[0m
  ↳ app/controllers/cats_controller.rb:9:in `index'
  [1m[36mComment Load (0.1ms)[0m  [1m[34mSELECT "comments".* FROM "comments" WHERE "comments"."cat_id" = ?[0m  [["cat_id", 1]]
  ↳ app/controllers/cats_controller.rb:9:in `index'
Completed 200 OK in 5ms (Views: 4.2ms | ActiveRecord: 0.3ms | Allocations: 1594)


Started GET "/cats" for 127.0.0.1 at 2021-06-13 17:29:23 -0400
Processing by CatsController#index as */*
  [1m[36mCat Load (0.1ms)[0m  [1m[34mSELECT "cats".* FROM "cats"[0m
  ↳ app/controllers/cats_controller.rb:9:in `index'
  [1m[36mComment Load (0.1ms)[0m  [1m[34mSELECT "comments".* FROM "comments" WHERE "comments"."cat_id" = ?[0m  [["cat_id", 1]]
  ↳ app/controllers/cats_controller.rb:9:in `index'
Completed 200 OK in 2ms (Views: 1.9ms | ActiveRecord: 0.1ms | Allocations: 1594)


Started GET "/cats" for 127.0.0.1 at 2021-06-13 17:29:24 -0400
Processing by CatsController#index as */*
  [1m[36mCat Load (0.1ms)[0m  [1m[34mSELECT "cats".* FROM "cats"[0m
  ↳ app/controllers/cats_controller.rb:9:in `index'
  [1m[36mComment Load (0.1ms)[0m  [1m[34mSELECT "comments".* FROM "comments" WHERE "comments"."cat_id" = ?[0m  [["cat_id", 1]]
  ↳ app/controllers/cats_controller.rb:9:in `index'
Completed 200 OK in 4ms (Views: 3.3ms | ActiveRecord: 0.3ms | Allocations: 1594)


Started GET "/cats" for 127.0.0.1 at 2021-06-13 17:29:24 -0400
Processing by CatsController#index as */*
  [1m[36mCat Load (0.1ms)[0m  [1m[34mSELECT "cats".* FROM "cats"[0m
  ↳ app/controllers/cats_controller.rb:9:in `index'
  [1m[36mComment Load (0.1ms)[0m  [1m[34mSELECT "comments".* FROM "comments" WHERE "comments"."cat_id" = ?[0m  [["cat_id", 1]]
  ↳ app/controllers/cats_controller.rb:9:in `index'
Completed 200 OK in 3ms (Views: 2.5ms | ActiveRecord: 0.2ms | Allocations: 1594)


Started GET "/cats" for 127.0.0.1 at 2021-06-13 17:29:24 -0400
Processing by CatsController#index as */*
  [1m[36mCat Load (0.2ms)[0m  [1m[34mSELECT "cats".* FROM "cats"[0m
  ↳ app/controllers/cats_controller.rb:9:in `index'
  [1m[36mComment Load (0.2ms)[0m  [1m[34mSELECT "comments".* FROM "comments" WHERE "comments"."cat_id" = ?[0m  [["cat_id", 1]]
  ↳ app/controllers/cats_controller.rb:9:in `index'
Completed 200 OK in 6ms (Views: 5.9ms | ActiveRecord: 0.4ms | Allocations: 1594)


Started GET "/cats" for 127.0.0.1 at 2021-06-13 17:29:24 -0400
Processing by CatsController#index as */*
  [1m[36mCat Load (0.1ms)[0m  [1m[34mSELECT "cats".* FROM "cats"[0m
  ↳ app/controllers/cats_controller.rb:9:in `index'
  [1m[36mComment Load (0.1ms)[0m  [1m[34mSELECT "comments".* FROM "comments" WHERE "comments"."cat_id" = ?[0m  [["cat_id", 1]]
  ↳ app/controllers/cats_controller.rb:9:in `index'
Completed 200 OK in 4ms (Views: 3.5ms | ActiveRecord: 0.2ms | Allocations: 1594)


Started GET "/cats" for 127.0.0.1 at 2021-06-13 17:29:24 -0400
Processing by CatsController#index as */*
  [1m[36mCat Load (0.1ms)[0m  [1m[34mSELECT "cats".* FROM "cats"[0m
  ↳ app/controllers/cats_controller.rb:9:in `index'
  [1m[36mComment Load (0.2ms)[0m  [1m[34mSELECT "comments".* FROM "comments" WHERE "comments"."cat_id" = ?[0m  [["cat_id", 1]]
  ↳ app/controllers/cats_controller.rb:9:in `index'
Completed 200 OK in 5ms (Views: 3.9ms | ActiveRecord: 0.4ms | Allocations: 1594)


Started GET "/cats" for 127.0.0.1 at 2021-06-13 17:29:25 -0400
Processing by CatsController#index as */*
  [1m[36mCat Load (0.1ms)[0m  [1m[34mSELECT "cats".* FROM "cats"[0m
  ↳ app/controllers/cats_controller.rb:9:in `index'
  [1m[36mComment Load (0.1ms)[0m  [1m[34mSELECT "comments".* FROM "comments" WHERE "comments"."cat_id" = ?[0m  [["cat_id", 1]]
  ↳ app/controllers/cats_controller.rb:9:in `index'
Completed 200 OK in 3ms (Views: 2.4ms | ActiveRecord: 0.2ms | Allocations: 1594)


Started GET "/cats" for 127.0.0.1 at 2021-06-13 17:29:25 -0400
Processing by CatsController#index as */*
  [1m[36mCat Load (0.1ms)[0m  [1m[34mSELECT "cats".* FROM "cats"[0m
  ↳ app/controllers/cats_controller.rb:9:in `index'
  [1m[36mComment Load (0.1ms)[0m  [1m[34mSELECT "comments".* FROM "comments" WHERE "comments"."cat_id" = ?[0m  [["cat_id", 1]]
  ↳ app/controllers/cats_controller.rb:9:in `index'
Completed 200 OK in 4ms (Views: 3.2ms | ActiveRecord: 0.2ms | Allocations: 1594)


Started GET "/cats" for 127.0.0.1 at 2021-06-13 17:29:25 -0400
Processing by CatsController#index as */*
  [1m[36mCat Load (0.1ms)[0m  [1m[34mSELECT "cats".* FROM "cats"[0m
  ↳ app/controllers/cats_controller.rb:9:in `index'
  [1m[36mComment Load (0.1ms)[0m  [1m[34mSELECT "comments".* FROM "comments" WHERE "comments"."cat_id" = ?[0m  [["cat_id", 1]]
  ↳ app/controllers/cats_controller.rb:9:in `index'
Completed 200 OK in 3ms (Views: 2.6ms | ActiveRecord: 0.2ms | Allocations: 1594)


Started GET "/cats" for 127.0.0.1 at 2021-06-13 17:29:26 -0400
Processing by CatsController#index as */*
  [1m[36mCat Load (0.1ms)[0m  [1m[34mSELECT "cats".* FROM "cats"[0m
  ↳ app/controllers/cats_controller.rb:9:in `index'
  [1m[36mComment Load (0.1ms)[0m  [1m[34mSELECT "comments".* FROM "comments" WHERE "comments"."cat_id" = ?[0m  [["cat_id", 1]]
  ↳ app/controllers/cats_controller.rb:9:in `index'
Completed 200 OK in 3ms (Views: 2.5ms | ActiveRecord: 0.2ms | Allocations: 1594)


Started GET "/cats" for 127.0.0.1 at 2021-06-13 17:29:26 -0400
Processing by CatsController#index as */*
  [1m[36mCat Load (0.1ms)[0m  [1m[34mSELECT "cats".* FROM "cats"[0m
  ↳ app/controllers/cats_controller.rb:9:in `index'
  [1m[36mComment Load (0.1ms)[0m  [1m[34mSELECT "comments".* FROM "comments" WHERE "comments"."cat_id" = ?[0m  [["cat_id", 1]]
  ↳ app/controllers/cats_controller.rb:9:in `index'
Completed 200 OK in 6ms (Views: 5.1ms | ActiveRecord: 0.2ms | Allocations: 1594)


Started GET "/cats" for 127.0.0.1 at 2021-06-13 17:29:26 -0400
Processing by CatsController#index as */*
  [1m[36mCat Load (0.1ms)[0m  [1m[34mSELECT "cats".* FROM "cats"[0m
  ↳ app/controllers/cats_controller.rb:9:in `index'
  [1m[36mComment Load (0.1ms)[0m  [1m[34mSELECT "comments".* FROM "comments" WHERE "comments"."cat_id" = ?[0m  [["cat_id", 1]]
  ↳ app/controllers/cats_controller.rb:9:in `index'
Completed 200 OK in 2ms (Views: 1.8ms | ActiveRecord: 0.2ms | Allocations: 1594)


Started GET "/cats" for 127.0.0.1 at 2021-06-13 17:29:26 -0400
Processing by CatsController#index as */*
  [1m[36mCat Load (0.2ms)[0m  [1m[34mSELECT "cats".* FROM "cats"[0m
  ↳ app/controllers/cats_controller.rb:9:in `index'
  [1m[36mComment Load (0.2ms)[0m  [1m[34mSELECT "comments".* FROM "comments" WHERE "comments"."cat_id" = ?[0m  [["cat_id", 1]]
  ↳ app/controllers/cats_controller.rb:9:in `index'
Completed 200 OK in 6ms (Views: 4.8ms | ActiveRecord: 0.4ms | Allocations: 1594)


Started GET "/cats" for 127.0.0.1 at 2021-06-13 17:29:27 -0400
Processing by CatsController#index as */*
  [1m[36mCat Load (0.1ms)[0m  [1m[34mSELECT "cats".* FROM "cats"[0m
  ↳ app/controllers/cats_controller.rb:9:in `index'
  [1m[36mComment Load (0.1ms)[0m  [1m[34mSELECT "comments".* FROM "comments" WHERE "comments"."cat_id" = ?[0m  [["cat_id", 1]]
  ↳ app/controllers/cats_controller.rb:9:in `index'
Completed 200 OK in 3ms (Views: 2.8ms | ActiveRecord: 0.2ms | Allocations: 1594)


Started GET "/cats" for 127.0.0.1 at 2021-06-13 17:33:55 -0400
Processing by CatsController#index as */*
  [1m[36mCat Load (0.1ms)[0m  [1m[34mSELECT "cats".* FROM "cats"[0m
  ↳ app/controllers/cats_controller.rb:9:in `index'
  [1m[36mComment Load (0.1ms)[0m  [1m[34mSELECT "comments".* FROM "comments" WHERE "comments"."cat_id" = ?[0m  [["cat_id", 1]]
  ↳ app/controllers/cats_controller.rb:9:in `index'
Completed 200 OK in 5ms (Views: 3.9ms | ActiveRecord: 0.3ms | Allocations: 1594)


Started GET "/cats" for 127.0.0.1 at 2021-06-13 17:50:24 -0400
Processing by CatsController#index as */*
  [1m[35m (0.2ms)[0m  [1m[34mSELECT sqlite_version(*)[0m
  ↳ app/controllers/cats_controller.rb:9:in `index'
  [1m[36mCat Load (1.1ms)[0m  [1m[34mSELECT "cats".* FROM "cats"[0m
  ↳ app/controllers/cats_controller.rb:9:in `index'
  [1m[36mComment Load (0.2ms)[0m  [1m[34mSELECT "comments".* FROM "comments" WHERE "comments"."cat_id" = ?[0m  [["cat_id", 1]]
  ↳ app/controllers/cats_controller.rb:9:in `index'
Completed 200 OK in 60ms (Views: 56.1ms | ActiveRecord: 3.1ms | Allocations: 2189)


Started GET "/cats" for 127.0.0.1 at 2021-06-13 17:53:28 -0400
Processing by CatsController#index as */*
  [1m[36mCat Load (0.2ms)[0m  [1m[34mSELECT "cats".* FROM "cats"[0m
  ↳ app/controllers/cats_controller.rb:9:in `index'
  [1m[36mComment Load (0.1ms)[0m  [1m[34mSELECT "comments".* FROM "comments" WHERE "comments"."cat_id" = ?[0m  [["cat_id", 1]]
  ↳ app/controllers/cats_controller.rb:9:in `index'
Completed 200 OK in 9ms (Views: 7.7ms | ActiveRecord: 0.3ms | Allocations: 1594)


Started GET "/cats" for 127.0.0.1 at 2021-06-13 17:53:39 -0400
Processing by CatsController#index as */*
  [1m[36mCat Load (0.1ms)[0m  [1m[34mSELECT "cats".* FROM "cats"[0m
  ↳ app/controllers/cats_controller.rb:9:in `index'
  [1m[36mComment Load (0.2ms)[0m  [1m[34mSELECT "comments".* FROM "comments" WHERE "comments"."cat_id" = ?[0m  [["cat_id", 1]]
  ↳ app/controllers/cats_controller.rb:9:in `index'
Completed 200 OK in 6ms (Views: 5.8ms | ActiveRecord: 0.3ms | Allocations: 1594)


Started GET "/cats" for 127.0.0.1 at 2021-06-13 17:56:31 -0400
Processing by CatsController#index as */*
  [1m[36mCat Load (0.2ms)[0m  [1m[34mSELECT "cats".* FROM "cats"[0m
  ↳ app/controllers/cats_controller.rb:9:in `index'
  [1m[36mComment Load (0.1ms)[0m  [1m[34mSELECT "comments".* FROM "comments" WHERE "comments"."cat_id" = ?[0m  [["cat_id", 1]]
  ↳ app/controllers/cats_controller.rb:9:in `index'
Completed 200 OK in 11ms (Views: 9.2ms | ActiveRecord: 0.3ms | Allocations: 1594)


Started GET "/cats" for 127.0.0.1 at 2021-06-13 17:58:49 -0400
Processing by CatsController#index as */*
  [1m[36mCat Load (0.1ms)[0m  [1m[34mSELECT "cats".* FROM "cats"[0m
  ↳ app/controllers/cats_controller.rb:9:in `index'
  [1m[36mComment Load (0.1ms)[0m  [1m[34mSELECT "comments".* FROM "comments" WHERE "comments"."cat_id" = ?[0m  [["cat_id", 1]]
  ↳ app/controllers/cats_controller.rb:9:in `index'
Completed 200 OK in 5ms (Views: 4.7ms | ActiveRecord: 0.2ms | Allocations: 1594)


Started GET "/cats" for 127.0.0.1 at 2021-06-13 17:59:40 -0400
Processing by CatsController#index as */*
  [1m[36mCat Load (0.1ms)[0m  [1m[34mSELECT "cats".* FROM "cats"[0m
  ↳ app/controllers/cats_controller.rb:9:in `index'
  [1m[36mComment Load (0.1ms)[0m  [1m[34mSELECT "comments".* FROM "comments" WHERE "comments"."cat_id" = ?[0m  [["cat_id", 1]]
  ↳ app/controllers/cats_controller.rb:9:in `index'
Completed 200 OK in 6ms (Views: 5.9ms | ActiveRecord: 0.2ms | Allocations: 1594)


Started GET "/cats" for 127.0.0.1 at 2021-06-13 18:01:47 -0400
Processing by CatsController#index as */*
  [1m[36mCat Load (0.6ms)[0m  [1m[34mSELECT "cats".* FROM "cats"[0m
  ↳ app/controllers/cats_controller.rb:9:in `index'
  [1m[36mComment Load (0.1ms)[0m  [1m[34mSELECT "comments".* FROM "comments" WHERE "comments"."cat_id" = ?[0m  [["cat_id", 1]]
  ↳ app/controllers/cats_controller.rb:9:in `index'
Completed 200 OK in 5ms (Views: 4.1ms | ActiveRecord: 0.7ms | Allocations: 1594)


Started GET "/cats" for 127.0.0.1 at 2021-06-13 18:01:57 -0400
Processing by CatsController#index as */*
  [1m[36mCat Load (0.1ms)[0m  [1m[34mSELECT "cats".* FROM "cats"[0m
  ↳ app/controllers/cats_controller.rb:9:in `index'
  [1m[36mComment Load (0.1ms)[0m  [1m[34mSELECT "comments".* FROM "comments" WHERE "comments"."cat_id" = ?[0m  [["cat_id", 1]]
  ↳ app/controllers/cats_controller.rb:9:in `index'
Completed 200 OK in 4ms (Views: 3.3ms | ActiveRecord: 0.3ms | Allocations: 1594)


Started GET "/cats" for 127.0.0.1 at 2021-06-13 18:05:32 -0400
Processing by CatsController#index as HTML
  [1m[36mCat Load (0.2ms)[0m  [1m[34mSELECT "cats".* FROM "cats"[0m
  ↳ app/controllers/cats_controller.rb:9:in `index'
  [1m[36mComment Load (0.1ms)[0m  [1m[34mSELECT "comments".* FROM "comments" WHERE "comments"."cat_id" = ?[0m  [["cat_id", 1]]
  ↳ app/controllers/cats_controller.rb:9:in `index'
Completed 200 OK in 7ms (Views: 5.0ms | ActiveRecord: 0.3ms | Allocations: 1590)


Started GET "/" for ::1 at 2021-06-13 18:05:45 -0400
Processing by Rails::WelcomeController#index as HTML
  Rendering /Library/Ruby/Gems/2.6.0/gems/railties-6.1.3.2/lib/rails/templates/rails/welcome/index.html.erb
  Rendered /Library/Ruby/Gems/2.6.0/gems/railties-6.1.3.2/lib/rails/templates/rails/welcome/index.html.erb (Duration: 10.0ms | Allocations: 315)
Completed 200 OK in 103ms (Views: 20.1ms | ActiveRecord: 0.0ms | Allocations: 2446)


Started GET "/favicon.ico" for ::1 at 2021-06-13 18:05:46 -0400
  
ActionController::RoutingError (No route matches [GET] "/favicon.ico"):
  
Started GET "/cats" for 127.0.0.1 at 2021-06-13 18:06:00 -0400
Processing by CatsController#index as */*
  [1m[36mCat Load (0.2ms)[0m  [1m[34mSELECT "cats".* FROM "cats"[0m
  ↳ app/controllers/cats_controller.rb:9:in `index'
  [1m[36mComment Load (0.2ms)[0m  [1m[34mSELECT "comments".* FROM "comments" WHERE "comments"."cat_id" = ?[0m  [["cat_id", 1]]
  ↳ app/controllers/cats_controller.rb:9:in `index'
Completed 200 OK in 7ms (Views: 6.2ms | ActiveRecord: 0.3ms | Allocations: 1593)


Started GET "/cats" for 127.0.0.1 at 2021-06-13 18:06:14 -0400
Processing by CatsController#index as */*
  [1m[36mCat Load (0.1ms)[0m  [1m[34mSELECT "cats".* FROM "cats"[0m
  ↳ app/controllers/cats_controller.rb:9:in `index'
  [1m[36mComment Load (0.1ms)[0m  [1m[34mSELECT "comments".* FROM "comments" WHERE "comments"."cat_id" = ?[0m  [["cat_id", 1]]
  ↳ app/controllers/cats_controller.rb:9:in `index'
Completed 200 OK in 2ms (Views: 2.1ms | ActiveRecord: 0.2ms | Allocations: 1594)


Started GET "/cats" for 127.0.0.1 at 2021-06-13 18:06:34 -0400
Processing by CatsController#index as */*
  [1m[36mCat Load (0.1ms)[0m  [1m[34mSELECT "cats".* FROM "cats"[0m
  ↳ app/controllers/cats_controller.rb:9:in `index'
  [1m[36mComment Load (0.1ms)[0m  [1m[34mSELECT "comments".* FROM "comments" WHERE "comments"."cat_id" = ?[0m  [["cat_id", 1]]
  ↳ app/controllers/cats_controller.rb:9:in `index'
Completed 200 OK in 3ms (Views: 2.5ms | ActiveRecord: 0.2ms | Allocations: 1594)


Started GET "/cats" for 127.0.0.1 at 2021-06-13 18:06:38 -0400
Processing by CatsController#index as */*
  [1m[36mCat Load (0.1ms)[0m  [1m[34mSELECT "cats".* FROM "cats"[0m
  ↳ app/controllers/cats_controller.rb:9:in `index'
  [1m[36mComment Load (0.1ms)[0m  [1m[34mSELECT "comments".* FROM "comments" WHERE "comments"."cat_id" = ?[0m  [["cat_id", 1]]
  ↳ app/controllers/cats_controller.rb:9:in `index'
Completed 200 OK in 195ms (Views: 195.0ms | ActiveRecord: 0.2ms | Allocations: 1595)


Started GET "/cats" for 127.0.0.1 at 2021-06-13 18:07:50 -0400
Processing by CatsController#index as */*
  [1m[36mCat Load (0.1ms)[0m  [1m[34mSELECT "cats".* FROM "cats"[0m
  ↳ app/controllers/cats_controller.rb:9:in `index'
  [1m[36mComment Load (0.2ms)[0m  [1m[34mSELECT "comments".* FROM "comments" WHERE "comments"."cat_id" = ?[0m  [["cat_id", 1]]
  ↳ app/controllers/cats_controller.rb:9:in `index'
Completed 200 OK in 7ms (Views: 5.1ms | ActiveRecord: 0.4ms | Allocations: 1594)


Started GET "/cats" for 127.0.0.1 at 2021-06-13 18:09:36 -0400
Processing by CatsController#index as */*
  [1m[36mCat Load (0.1ms)[0m  [1m[34mSELECT "cats".* FROM "cats"[0m
  ↳ app/controllers/cats_controller.rb:9:in `index'
  [1m[36mComment Load (0.2ms)[0m  [1m[34mSELECT "comments".* FROM "comments" WHERE "comments"."cat_id" = ?[0m  [["cat_id", 1]]
  ↳ app/controllers/cats_controller.rb:9:in `index'
Completed 200 OK in 3ms (Views: 2.6ms | ActiveRecord: 0.3ms | Allocations: 1594)


Started GET "/cats" for 127.0.0.1 at 2021-06-13 18:13:15 -0400
Processing by CatsController#index as */*
  [1m[36mCat Load (0.1ms)[0m  [1m[34mSELECT "cats".* FROM "cats"[0m
  ↳ app/controllers/cats_controller.rb:9:in `index'
  [1m[36mComment Load (0.1ms)[0m  [1m[34mSELECT "comments".* FROM "comments" WHERE "comments"."cat_id" = ?[0m  [["cat_id", 1]]
  ↳ app/controllers/cats_controller.rb:9:in `index'
Completed 200 OK in 3ms (Views: 3.0ms | ActiveRecord: 0.2ms | Allocations: 1594)


Started GET "/cats" for 127.0.0.1 at 2021-06-13 18:14:58 -0400
Processing by CatsController#index as */*
  [1m[35m (0.1ms)[0m  [1m[34mSELECT sqlite_version(*)[0m
  ↳ app/controllers/cats_controller.rb:9:in `index'
  [1m[36mCat Load (0.6ms)[0m  [1m[34mSELECT "cats".* FROM "cats"[0m
  ↳ app/controllers/cats_controller.rb:9:in `index'
  [1m[36mComment Load (0.1ms)[0m  [1m[34mSELECT "comments".* FROM "comments" WHERE "comments"."cat_id" = ?[0m  [["cat_id", 1]]
  ↳ app/controllers/cats_controller.rb:9:in `index'
Completed 200 OK in 28ms (Views: 22.9ms | ActiveRecord: 1.8ms | Allocations: 9540)


Started GET "/cats" for 127.0.0.1 at 2021-06-13 18:16:31 -0400
Processing by CatsController#index as */*
  [1m[36mCat Load (0.1ms)[0m  [1m[34mSELECT "cats".* FROM "cats"[0m
  ↳ app/controllers/cats_controller.rb:9:in `index'
  [1m[36mComment Load (0.1ms)[0m  [1m[34mSELECT "comments".* FROM "comments" WHERE "comments"."cat_id" = ?[0m  [["cat_id", 1]]
  ↳ app/controllers/cats_controller.rb:9:in `index'
Completed 200 OK in 3ms (Views: 2.4ms | ActiveRecord: 0.2ms | Allocations: 1606)


Started GET "/cats" for 127.0.0.1 at 2021-06-13 18:17:19 -0400
Processing by CatsController#index as */*
  [1m[36mCat Load (0.1ms)[0m  [1m[34mSELECT "cats".* FROM "cats"[0m
  ↳ app/controllers/cats_controller.rb:9:in `index'
  [1m[36mComment Load (0.1ms)[0m  [1m[34mSELECT "comments".* FROM "comments" WHERE "comments"."cat_id" = ?[0m  [["cat_id", 1]]
  ↳ app/controllers/cats_controller.rb:9:in `index'
Completed 200 OK in 3ms (Views: 3.0ms | ActiveRecord: 0.2ms | Allocations: 1606)


Started GET "/cats" for 127.0.0.1 at 2021-06-13 18:18:34 -0400
Processing by CatsController#index as HTML
  [1m[36mCat Load (0.1ms)[0m  [1m[34mSELECT "cats".* FROM "cats"[0m
  ↳ app/controllers/cats_controller.rb:9:in `index'
  [1m[36mComment Load (0.1ms)[0m  [1m[34mSELECT "comments".* FROM "comments" WHERE "comments"."cat_id" = ?[0m  [["cat_id", 1]]
  ↳ app/controllers/cats_controller.rb:9:in `index'
Completed 200 OK in 4ms (Views: 3.9ms | ActiveRecord: 0.2ms | Allocations: 1602)


Started GET "/cats" for 127.0.0.1 at 2021-06-13 18:48:14 -0400
Processing by CatsController#index as */*
  [1m[35m (0.1ms)[0m  [1m[34mSELECT sqlite_version(*)[0m
  ↳ app/controllers/cats_controller.rb:9:in `index'
  [1m[36mCat Load (0.4ms)[0m  [1m[34mSELECT "cats".* FROM "cats"[0m
  ↳ app/controllers/cats_controller.rb:9:in `index'
  [1m[36mComment Load (0.4ms)[0m  [1m[34mSELECT "comments".* FROM "comments" WHERE "comments"."cat_id" = ?[0m  [["cat_id", 1]]
  ↳ app/controllers/cats_controller.rb:9:in `index'
Completed 200 OK in 9ms (Views: 8.4ms | ActiveRecord: 1.2ms | Allocations: 2200)


Started GET "/cats" for 127.0.0.1 at 2021-06-13 18:52:42 -0400
Processing by CatsController#index as */*
  [1m[36mCat Load (0.7ms)[0m  [1m[34mSELECT "cats".* FROM "cats"[0m
  ↳ app/controllers/cats_controller.rb:9:in `index'
  [1m[36mComment Load (0.1ms)[0m  [1m[34mSELECT "comments".* FROM "comments" WHERE "comments"."cat_id" = ?[0m  [["cat_id", 1]]
  ↳ app/controllers/cats_controller.rb:9:in `index'
Completed 200 OK in 10ms (Views: 7.8ms | ActiveRecord: 0.8ms | Allocations: 1606)


Started GET "/cats" for 127.0.0.1 at 2021-06-13 18:52:44 -0400
Processing by CatsController#index as */*
  [1m[36mCat Load (0.1ms)[0m  [1m[34mSELECT "cats".* FROM "cats"[0m
  ↳ app/controllers/cats_controller.rb:9:in `index'
  [1m[36mComment Load (0.1ms)[0m  [1m[34mSELECT "comments".* FROM "comments" WHERE "comments"."cat_id" = ?[0m  [["cat_id", 1]]
  ↳ app/controllers/cats_controller.rb:9:in `index'
Completed 200 OK in 6ms (Views: 5.0ms | ActiveRecord: 0.3ms | Allocations: 1606)


Started GET "/cats" for 127.0.0.1 at 2021-06-13 18:56:24 -0400
Processing by CatsController#index as */*
  [1m[36mCat Load (0.2ms)[0m  [1m[34mSELECT "cats".* FROM "cats"[0m
  ↳ app/controllers/cats_controller.rb:9:in `index'
  [1m[36mComment Load (0.2ms)[0m  [1m[34mSELECT "comments".* FROM "comments" WHERE "comments"."cat_id" = ?[0m  [["cat_id", 1]]
  ↳ app/controllers/cats_controller.rb:9:in `index'
Completed 200 OK in 8ms (Views: 7.3ms | ActiveRecord: 0.4ms | Allocations: 1606)


Started POST "/cats" for 127.0.0.1 at 2021-06-13 20:13:01 -0400
Processing by CatsController#create as JSON
  Parameters: {"cat"=>{}}
  [1m[35m (1.0ms)[0m  [1m[34mSELECT sqlite_version(*)[0m
  ↳ app/controllers/cats_controller.rb:26:in `create'
  [1m[36mTRANSACTION (1.5ms)[0m  [1m[36mbegin transaction[0m
  ↳ app/controllers/cats_controller.rb:26:in `create'
  [1m[36mCat Create (1.3ms)[0m  [1m[32mINSERT INTO "cats" ("likes", "created_at", "updated_at") VALUES (?, ?, ?)[0m  [["likes", "0"], ["created_at", "2021-06-14 00:13:01.897616"], ["updated_at", "2021-06-14 00:13:01.897616"]]
  ↳ app/controllers/cats_controller.rb:26:in `create'
  [1m[36mTRANSACTION (1.0ms)[0m  [1m[36mcommit transaction[0m
  ↳ app/controllers/cats_controller.rb:26:in `create'
Completed 204 No Content in 186ms (ActiveRecord: 8.8ms | Allocations: 2283)


Started GET "/cats" for 127.0.0.1 at 2021-06-13 20:13:04 -0400
Processing by CatsController#index as */*
  [1m[36mCat Load (0.2ms)[0m  [1m[34mSELECT "cats".* FROM "cats"[0m
  ↳ app/controllers/cats_controller.rb:9:in `index'
  [1m[36mComment Load (1.2ms)[0m  [1m[34mSELECT "comments".* FROM "comments" WHERE "comments"."cat_id" = ?[0m  [["cat_id", 1]]
  ↳ app/controllers/cats_controller.rb:9:in `index'
  [1m[36mComment Load (0.1ms)[0m  [1m[34mSELECT "comments".* FROM "comments" WHERE "comments"."cat_id" = ?[0m  [["cat_id", 2]]
  ↳ app/controllers/cats_controller.rb:9:in `index'
Completed 200 OK in 29ms (Views: 25.6ms | ActiveRecord: 1.6ms | Allocations: 2415)


Started GET "/cats" for 127.0.0.1 at 2021-06-13 20:14:05 -0400
Processing by CatsController#index as */*
  [1m[36mCat Load (0.1ms)[0m  [1m[34mSELECT "cats".* FROM "cats"[0m
  ↳ app/controllers/cats_controller.rb:9:in `index'
  [1m[36mComment Load (0.1ms)[0m  [1m[34mSELECT "comments".* FROM "comments" WHERE "comments"."cat_id" = ?[0m  [["cat_id", 1]]
  ↳ app/controllers/cats_controller.rb:9:in `index'
  [1m[36mComment Load (0.1ms)[0m  [1m[34mSELECT "comments".* FROM "comments" WHERE "comments"."cat_id" = ?[0m  [["cat_id", 2]]
  ↳ app/controllers/cats_controller.rb:9:in `index'
Completed 200 OK in 18ms (Views: 15.9ms | ActiveRecord: 0.4ms | Allocations: 2382)


Started GET "/cats" for 127.0.0.1 at 2021-06-13 20:15:16 -0400
Processing by CatsController#index as */*
  [1m[36mCat Load (0.2ms)[0m  [1m[34mSELECT "cats".* FROM "cats"[0m
  ↳ app/controllers/cats_controller.rb:9:in `index'
  [1m[36mComment Load (0.1ms)[0m  [1m[34mSELECT "comments".* FROM "comments" WHERE "comments"."cat_id" = ?[0m  [["cat_id", 1]]
  ↳ app/controllers/cats_controller.rb:9:in `index'
  [1m[36mComment Load (0.1ms)[0m  [1m[34mSELECT "comments".* FROM "comments" WHERE "comments"."cat_id" = ?[0m  [["cat_id", 2]]
  ↳ app/controllers/cats_controller.rb:9:in `index'
Completed 200 OK in 23ms (Views: 22.2ms | ActiveRecord: 0.4ms | Allocations: 2382)


Started GET "/cats" for 127.0.0.1 at 2021-06-13 20:15:45 -0400
Processing by CatsController#index as */*
  [1m[36mCat Load (0.1ms)[0m  [1m[34mSELECT "cats".* FROM "cats"[0m
  ↳ app/controllers/cats_controller.rb:9:in `index'
  [1m[36mComment Load (0.2ms)[0m  [1m[34mSELECT "comments".* FROM "comments" WHERE "comments"."cat_id" = ?[0m  [["cat_id", 1]]
  ↳ app/controllers/cats_controller.rb:9:in `index'
Completed 200 OK in 12ms (Views: 11.1ms | ActiveRecord: 0.3ms | Allocations: 1606)


Started GET "/cats" for 127.0.0.1 at 2021-06-13 20:15:52 -0400
Processing by CatsController#index as */*
  [1m[36mCat Load (0.1ms)[0m  [1m[34mSELECT "cats".* FROM "cats"[0m
  ↳ app/controllers/cats_controller.rb:9:in `index'
  [1m[36mComment Load (0.1ms)[0m  [1m[34mSELECT "comments".* FROM "comments" WHERE "comments"."cat_id" = ?[0m  [["cat_id", 1]]
  ↳ app/controllers/cats_controller.rb:9:in `index'
Completed 200 OK in 10ms (Views: 9.1ms | ActiveRecord: 0.2ms | Allocations: 1606)


Started GET "/cats" for 127.0.0.1 at 2021-06-13 20:16:06 -0400
Processing by CatsController#index as */*
  [1m[36mCat Load (0.1ms)[0m  [1m[34mSELECT "cats".* FROM "cats"[0m
  ↳ app/controllers/cats_controller.rb:9:in `index'
  [1m[36mComment Load (0.1ms)[0m  [1m[34mSELECT "comments".* FROM "comments" WHERE "comments"."cat_id" = ?[0m  [["cat_id", 1]]
  ↳ app/controllers/cats_controller.rb:9:in `index'
Completed 200 OK in 8ms (Views: 7.1ms | ActiveRecord: 0.3ms | Allocations: 1606)


Started GET "/cats" for 127.0.0.1 at 2021-06-13 20:16:09 -0400
Processing by CatsController#index as */*
  [1m[36mCat Load (0.1ms)[0m  [1m[34mSELECT "cats".* FROM "cats"[0m
  ↳ app/controllers/cats_controller.rb:9:in `index'
  [1m[36mComment Load (0.7ms)[0m  [1m[34mSELECT "comments".* FROM "comments" WHERE "comments"."cat_id" = ?[0m  [["cat_id", 1]]
  ↳ app/controllers/cats_controller.rb:9:in `index'
Completed 200 OK in 17ms (Views: 14.8ms | ActiveRecord: 0.8ms | Allocations: 1606)


Started GET "/cats" for 127.0.0.1 at 2021-06-13 20:16:37 -0400
Processing by CatsController#index as */*
  [1m[36mCat Load (0.2ms)[0m  [1m[34mSELECT "cats".* FROM "cats"[0m
  ↳ app/controllers/cats_controller.rb:9:in `index'
  [1m[36mComment Load (0.1ms)[0m  [1m[34mSELECT "comments".* FROM "comments" WHERE "comments"."cat_id" = ?[0m  [["cat_id", 1]]
  ↳ app/controllers/cats_controller.rb:9:in `index'
Completed 200 OK in 12ms (Views: 11.2ms | ActiveRecord: 0.3ms | Allocations: 1606)


Started GET "/cats" for 127.0.0.1 at 2021-06-13 20:17:23 -0400
Processing by CatsController#index as */*
  [1m[36mCat Load (0.1ms)[0m  [1m[34mSELECT "cats".* FROM "cats"[0m
  ↳ app/controllers/cats_controller.rb:9:in `index'
  [1m[36mComment Load (0.1ms)[0m  [1m[34mSELECT "comments".* FROM "comments" WHERE "comments"."cat_id" = ?[0m  [["cat_id", 1]]
  ↳ app/controllers/cats_controller.rb:9:in `index'
Completed 200 OK in 10ms (Views: 9.3ms | ActiveRecord: 0.2ms | Allocations: 1606)


Started GET "/cats" for 127.0.0.1 at 2021-06-13 20:20:57 -0400
Processing by CatsController#index as */*
  [1m[36mCat Load (0.1ms)[0m  [1m[34mSELECT "cats".* FROM "cats"[0m
  ↳ app/controllers/cats_controller.rb:9:in `index'
  [1m[36mComment Load (0.1ms)[0m  [1m[34mSELECT "comments".* FROM "comments" WHERE "comments"."cat_id" = ?[0m  [["cat_id", 1]]
  ↳ app/controllers/cats_controller.rb:9:in `index'
Completed 200 OK in 4ms (Views: 4.0ms | ActiveRecord: 0.2ms | Allocations: 1607)


Started GET "/cats" for 127.0.0.1 at 2021-06-13 20:23:43 -0400
Processing by CatsController#index as */*
  [1m[36mCat Load (0.2ms)[0m  [1m[34mSELECT "cats".* FROM "cats"[0m
  ↳ app/controllers/cats_controller.rb:9:in `index'
  [1m[36mComment Load (0.1ms)[0m  [1m[34mSELECT "comments".* FROM "comments" WHERE "comments"."cat_id" = ?[0m  [["cat_id", 1]]
  ↳ app/controllers/cats_controller.rb:9:in `index'
Completed 200 OK in 6ms (Views: 5.0ms | ActiveRecord: 0.3ms | Allocations: 1606)


Started GET "/cats" for 127.0.0.1 at 2021-06-13 20:23:51 -0400
Processing by CatsController#index as */*
  [1m[36mCat Load (0.1ms)[0m  [1m[34mSELECT "cats".* FROM "cats"[0m
  ↳ app/controllers/cats_controller.rb:9:in `index'
  [1m[36mComment Load (0.2ms)[0m  [1m[34mSELECT "comments".* FROM "comments" WHERE "comments"."cat_id" = ?[0m  [["cat_id", 1]]
  ↳ app/controllers/cats_controller.rb:9:in `index'
Completed 200 OK in 6ms (Views: 4.5ms | ActiveRecord: 0.3ms | Allocations: 1606)


Started GET "/cats" for 127.0.0.1 at 2021-06-13 20:23:53 -0400
Processing by CatsController#index as */*
  [1m[36mCat Load (0.1ms)[0m  [1m[34mSELECT "cats".* FROM "cats"[0m
  ↳ app/controllers/cats_controller.rb:9:in `index'
  [1m[36mComment Load (0.1ms)[0m  [1m[34mSELECT "comments".* FROM "comments" WHERE "comments"."cat_id" = ?[0m  [["cat_id", 1]]
  ↳ app/controllers/cats_controller.rb:9:in `index'
Completed 200 OK in 5ms (Views: 4.5ms | ActiveRecord: 0.2ms | Allocations: 1606)


Started GET "/cats" for 127.0.0.1 at 2021-06-13 20:24:07 -0400
Processing by CatsController#index as */*
  [1m[36mCat Load (0.1ms)[0m  [1m[34mSELECT "cats".* FROM "cats"[0m
  ↳ app/controllers/cats_controller.rb:9:in `index'
  [1m[36mComment Load (0.1ms)[0m  [1m[34mSELECT "comments".* FROM "comments" WHERE "comments"."cat_id" = ?[0m  [["cat_id", 1]]
  ↳ app/controllers/cats_controller.rb:9:in `index'
Completed 200 OK in 3ms (Views: 3.0ms | ActiveRecord: 0.2ms | Allocations: 1606)


Started GET "/cats" for 127.0.0.1 at 2021-06-13 20:25:10 -0400
Processing by CatsController#index as */*
  [1m[36mCat Load (0.1ms)[0m  [1m[34mSELECT "cats".* FROM "cats"[0m
  ↳ app/controllers/cats_controller.rb:9:in `index'
  [1m[36mComment Load (0.1ms)[0m  [1m[34mSELECT "comments".* FROM "comments" WHERE "comments"."cat_id" = ?[0m  [["cat_id", 1]]
  ↳ app/controllers/cats_controller.rb:9:in `index'
Completed 200 OK in 3ms (Views: 2.1ms | ActiveRecord: 0.2ms | Allocations: 1606)


Started GET "/cats" for 127.0.0.1 at 2021-06-13 20:26:26 -0400
Processing by CatsController#index as */*
  [1m[36mCat Load (0.1ms)[0m  [1m[34mSELECT "cats".* FROM "cats"[0m
  ↳ app/controllers/cats_controller.rb:9:in `index'
  [1m[36mComment Load (0.2ms)[0m  [1m[34mSELECT "comments".* FROM "comments" WHERE "comments"."cat_id" = ?[0m  [["cat_id", 1]]
  ↳ app/controllers/cats_controller.rb:9:in `index'
Completed 200 OK in 5ms (Views: 4.0ms | ActiveRecord: 0.4ms | Allocations: 1606)


Started GET "/cats" for 127.0.0.1 at 2021-06-13 20:27:19 -0400
Processing by CatsController#index as */*
  [1m[36mCat Load (0.1ms)[0m  [1m[34mSELECT "cats".* FROM "cats"[0m
  ↳ app/controllers/cats_controller.rb:9:in `index'
  [1m[36mComment Load (0.1ms)[0m  [1m[34mSELECT "comments".* FROM "comments" WHERE "comments"."cat_id" = ?[0m  [["cat_id", 1]]
  ↳ app/controllers/cats_controller.rb:9:in `index'
Completed 200 OK in 2ms (Views: 1.9ms | ActiveRecord: 0.2ms | Allocations: 1606)


Started GET "/cats" for 127.0.0.1 at 2021-06-13 20:29:19 -0400
Processing by CatsController#index as */*
  [1m[36mCat Load (0.1ms)[0m  [1m[34mSELECT "cats".* FROM "cats"[0m
  ↳ app/controllers/cats_controller.rb:9:in `index'
  [1m[36mComment Load (0.1ms)[0m  [1m[34mSELECT "comments".* FROM "comments" WHERE "comments"."cat_id" = ?[0m  [["cat_id", 1]]
  ↳ app/controllers/cats_controller.rb:9:in `index'
Completed 200 OK in 3ms (Views: 2.3ms | ActiveRecord: 0.2ms | Allocations: 1606)


Started GET "/cats" for 127.0.0.1 at 2021-06-13 20:29:22 -0400
Processing by CatsController#index as */*
  [1m[36mCat Load (0.1ms)[0m  [1m[34mSELECT "cats".* FROM "cats"[0m
  ↳ app/controllers/cats_controller.rb:9:in `index'
  [1m[36mComment Load (0.1ms)[0m  [1m[34mSELECT "comments".* FROM "comments" WHERE "comments"."cat_id" = ?[0m  [["cat_id", 1]]
  ↳ app/controllers/cats_controller.rb:9:in `index'
Completed 200 OK in 4ms (Views: 3.5ms | ActiveRecord: 0.2ms | Allocations: 1606)


Started GET "/cats" for 127.0.0.1 at 2021-06-13 20:33:22 -0400
Processing by CatsController#index as */*
  [1m[36mCat Load (0.1ms)[0m  [1m[34mSELECT "cats".* FROM "cats"[0m
  ↳ app/controllers/cats_controller.rb:9:in `index'
  [1m[36mComment Load (0.1ms)[0m  [1m[34mSELECT "comments".* FROM "comments" WHERE "comments"."cat_id" = ?[0m  [["cat_id", 1]]
  ↳ app/controllers/cats_controller.rb:9:in `index'
Completed 200 OK in 4ms (Views: 3.1ms | ActiveRecord: 0.2ms | Allocations: 1606)


Started GET "/cats" for 127.0.0.1 at 2021-06-13 20:33:40 -0400
Processing by CatsController#index as */*
  [1m[36mCat Load (0.1ms)[0m  [1m[34mSELECT "cats".* FROM "cats"[0m
  ↳ app/controllers/cats_controller.rb:9:in `index'
  [1m[36mComment Load (0.1ms)[0m  [1m[34mSELECT "comments".* FROM "comments" WHERE "comments"."cat_id" = ?[0m  [["cat_id", 1]]
  ↳ app/controllers/cats_controller.rb:9:in `index'
Completed 200 OK in 3ms (Views: 2.5ms | ActiveRecord: 0.2ms | Allocations: 1606)


Started GET "/cats" for 127.0.0.1 at 2021-06-13 20:33:41 -0400
Processing by CatsController#index as */*
  [1m[36mCat Load (0.1ms)[0m  [1m[34mSELECT "cats".* FROM "cats"[0m
  ↳ app/controllers/cats_controller.rb:9:in `index'
  [1m[36mComment Load (0.1ms)[0m  [1m[34mSELECT "comments".* FROM "comments" WHERE "comments"."cat_id" = ?[0m  [["cat_id", 1]]
  ↳ app/controllers/cats_controller.rb:9:in `index'
Completed 200 OK in 4ms (Views: 3.7ms | ActiveRecord: 0.2ms | Allocations: 1606)


Started GET "/cats" for 127.0.0.1 at 2021-06-13 20:33:41 -0400
Processing by CatsController#index as */*
  [1m[36mCat Load (0.1ms)[0m  [1m[34mSELECT "cats".* FROM "cats"[0m
  ↳ app/controllers/cats_controller.rb:9:in `index'
  [1m[36mComment Load (0.1ms)[0m  [1m[34mSELECT "comments".* FROM "comments" WHERE "comments"."cat_id" = ?[0m  [["cat_id", 1]]
  ↳ app/controllers/cats_controller.rb:9:in `index'
Completed 200 OK in 3ms (Views: 3.1ms | ActiveRecord: 0.2ms | Allocations: 1606)


Started GET "/cats" for 127.0.0.1 at 2021-06-13 20:33:42 -0400
Processing by CatsController#index as */*
  [1m[36mCat Load (0.1ms)[0m  [1m[34mSELECT "cats".* FROM "cats"[0m
  ↳ app/controllers/cats_controller.rb:9:in `index'
  [1m[36mComment Load (0.1ms)[0m  [1m[34mSELECT "comments".* FROM "comments" WHERE "comments"."cat_id" = ?[0m  [["cat_id", 1]]
  ↳ app/controllers/cats_controller.rb:9:in `index'
Completed 200 OK in 6ms (Views: 5.5ms | ActiveRecord: 0.2ms | Allocations: 1606)


Started GET "/cats" for 127.0.0.1 at 2021-06-13 20:33:42 -0400
Processing by CatsController#index as */*
  [1m[36mCat Load (0.1ms)[0m  [1m[34mSELECT "cats".* FROM "cats"[0m
  ↳ app/controllers/cats_controller.rb:9:in `index'
  [1m[36mComment Load (0.1ms)[0m  [1m[34mSELECT "comments".* FROM "comments" WHERE "comments"."cat_id" = ?[0m  [["cat_id", 1]]
  ↳ app/controllers/cats_controller.rb:9:in `index'
Completed 200 OK in 6ms (Views: 5.7ms | ActiveRecord: 0.2ms | Allocations: 1606)


Started GET "/cats" for 127.0.0.1 at 2021-06-13 20:34:06 -0400
Processing by CatsController#index as */*
  [1m[36mCat Load (0.6ms)[0m  [1m[34mSELECT "cats".* FROM "cats"[0m
  ↳ app/controllers/cats_controller.rb:9:in `index'
  [1m[36mComment Load (0.1ms)[0m  [1m[34mSELECT "comments".* FROM "comments" WHERE "comments"."cat_id" = ?[0m  [["cat_id", 1]]
  ↳ app/controllers/cats_controller.rb:9:in `index'
Completed 200 OK in 5ms (Views: 3.7ms | ActiveRecord: 0.7ms | Allocations: 1606)


Started GET "/cats" for 127.0.0.1 at 2021-06-13 20:34:06 -0400
Processing by CatsController#index as */*
  [1m[36mCat Load (0.1ms)[0m  [1m[34mSELECT "cats".* FROM "cats"[0m
  ↳ app/controllers/cats_controller.rb:9:in `index'
  [1m[36mComment Load (0.1ms)[0m  [1m[34mSELECT "comments".* FROM "comments" WHERE "comments"."cat_id" = ?[0m  [["cat_id", 1]]
  ↳ app/controllers/cats_controller.rb:9:in `index'
Completed 200 OK in 3ms (Views: 2.4ms | ActiveRecord: 0.2ms | Allocations: 1606)


Started GET "/cats" for 127.0.0.1 at 2021-06-13 20:34:06 -0400
Processing by CatsController#index as */*
  [1m[36mCat Load (0.2ms)[0m  [1m[34mSELECT "cats".* FROM "cats"[0m
  ↳ app/controllers/cats_controller.rb:9:in `index'
  [1m[36mComment Load (0.2ms)[0m  [1m[34mSELECT "comments".* FROM "comments" WHERE "comments"."cat_id" = ?[0m  [["cat_id", 1]]
  ↳ app/controllers/cats_controller.rb:9:in `index'
Completed 200 OK in 5ms (Views: 4.7ms | ActiveRecord: 0.3ms | Allocations: 1606)


Started GET "/cats" for 127.0.0.1 at 2021-06-13 20:34:06 -0400
Processing by CatsController#index as */*
  [1m[36mCat Load (0.1ms)[0m  [1m[34mSELECT "cats".* FROM "cats"[0m
  ↳ app/controllers/cats_controller.rb:9:in `index'
  [1m[36mComment Load (0.1ms)[0m  [1m[34mSELECT "comments".* FROM "comments" WHERE "comments"."cat_id" = ?[0m  [["cat_id", 1]]
  ↳ app/controllers/cats_controller.rb:9:in `index'
Completed 200 OK in 3ms (Views: 2.9ms | ActiveRecord: 0.2ms | Allocations: 1606)


Started GET "/cats" for 127.0.0.1 at 2021-06-13 20:34:28 -0400
Processing by CatsController#index as */*
  [1m[36mCat Load (0.1ms)[0m  [1m[34mSELECT "cats".* FROM "cats"[0m
  ↳ app/controllers/cats_controller.rb:9:in `index'
  [1m[36mComment Load (0.1ms)[0m  [1m[34mSELECT "comments".* FROM "comments" WHERE "comments"."cat_id" = ?[0m  [["cat_id", 1]]
  ↳ app/controllers/cats_controller.rb:9:in `index'
Completed 200 OK in 4ms (Views: 3.3ms | ActiveRecord: 0.2ms | Allocations: 1606)


Started GET "/cats" for 127.0.0.1 at 2021-06-13 20:35:46 -0400
Processing by CatsController#index as */*
  [1m[36mCat Load (0.1ms)[0m  [1m[34mSELECT "cats".* FROM "cats"[0m
  ↳ app/controllers/cats_controller.rb:9:in `index'
  [1m[36mComment Load (0.1ms)[0m  [1m[34mSELECT "comments".* FROM "comments" WHERE "comments"."cat_id" = ?[0m  [["cat_id", 1]]
  ↳ app/controllers/cats_controller.rb:9:in `index'
Completed 200 OK in 4ms (Views: 3.1ms | ActiveRecord: 0.2ms | Allocations: 1606)


Started GET "/cats" for 127.0.0.1 at 2021-06-13 20:36:59 -0400
Processing by CatsController#index as */*
  [1m[36mCat Load (0.1ms)[0m  [1m[34mSELECT "cats".* FROM "cats"[0m
  ↳ app/controllers/cats_controller.rb:9:in `index'
  [1m[36mComment Load (0.2ms)[0m  [1m[34mSELECT "comments".* FROM "comments" WHERE "comments"."cat_id" = ?[0m  [["cat_id", 1]]
  ↳ app/controllers/cats_controller.rb:9:in `index'
Completed 200 OK in 8ms (Views: 7.0ms | ActiveRecord: 0.3ms | Allocations: 1606)


Started GET "/cats" for 127.0.0.1 at 2021-06-13 20:38:19 -0400
Processing by CatsController#index as */*
  [1m[36mCat Load (0.1ms)[0m  [1m[34mSELECT "cats".* FROM "cats"[0m
  ↳ app/controllers/cats_controller.rb:9:in `index'
  [1m[36mComment Load (0.2ms)[0m  [1m[34mSELECT "comments".* FROM "comments" WHERE "comments"."cat_id" = ?[0m  [["cat_id", 1]]
  ↳ app/controllers/cats_controller.rb:9:in `index'
Completed 200 OK in 7ms (Views: 7.0ms | ActiveRecord: 0.3ms | Allocations: 1607)


Started POST "/cats" for 127.0.0.1 at 2021-06-13 20:45:10 -0400
Processing by CatsController#create as JSON
  Parameters: {"cat"=>{}}
  [1m[35m (0.1ms)[0m  [1m[34mSELECT sqlite_version(*)[0m
  ↳ app/controllers/cats_controller.rb:26:in `create'
  [1m[36mTRANSACTION (0.1ms)[0m  [1m[36mbegin transaction[0m
  ↳ app/controllers/cats_controller.rb:26:in `create'
  [1m[36mCat Create (1.1ms)[0m  [1m[32mINSERT INTO "cats" ("likes", "created_at", "updated_at") VALUES (?, ?, ?)[0m  [["likes", "0"], ["created_at", "2021-06-14 00:45:10.518578"], ["updated_at", "2021-06-14 00:45:10.518578"]]
  ↳ app/controllers/cats_controller.rb:26:in `create'
  [1m[36mTRANSACTION (1.0ms)[0m  [1m[36mcommit transaction[0m
  ↳ app/controllers/cats_controller.rb:26:in `create'
Completed 204 No Content in 22ms (ActiveRecord: 2.5ms | Allocations: 2047)


Started POST "/cats" for 127.0.0.1 at 2021-06-13 20:46:27 -0400
Processing by CatsController#create as JSON
  Parameters: {"cat"=>{}}
  [1m[36mTRANSACTION (0.1ms)[0m  [1m[36mbegin transaction[0m
  ↳ app/controllers/cats_controller.rb:26:in `create'
  [1m[36mCat Create (0.4ms)[0m  [1m[32mINSERT INTO "cats" ("likes", "created_at", "updated_at") VALUES (?, ?, ?)[0m  [["likes", "0"], ["created_at", "2021-06-14 00:46:27.113850"], ["updated_at", "2021-06-14 00:46:27.113850"]]
  ↳ app/controllers/cats_controller.rb:26:in `create'
  [1m[36mTRANSACTION (0.7ms)[0m  [1m[36mcommit transaction[0m
  ↳ app/controllers/cats_controller.rb:26:in `create'
Completed 204 No Content in 7ms (ActiveRecord: 1.2ms | Allocations: 1595)


Started GET "/cats" for 127.0.0.1 at 2021-06-13 20:46:58 -0400
Processing by CatsController#index as HTML
  [1m[36mCat Load (0.2ms)[0m  [1m[34mSELECT "cats".* FROM "cats"[0m
  ↳ app/controllers/cats_controller.rb:9:in `index'
  [1m[36mComment Load (1.1ms)[0m  [1m[34mSELECT "comments".* FROM "comments" WHERE "comments"."cat_id" = ?[0m  [["cat_id", 1]]
  ↳ app/controllers/cats_controller.rb:9:in `index'
  [1m[36mComment Load (0.1ms)[0m  [1m[34mSELECT "comments".* FROM "comments" WHERE "comments"."cat_id" = ?[0m  [["cat_id", 3]]
  ↳ app/controllers/cats_controller.rb:9:in `index'
  [1m[36mComment Load (0.1ms)[0m  [1m[34mSELECT "comments".* FROM "comments" WHERE "comments"."cat_id" = ?[0m  [["cat_id", 4]]
  ↳ app/controllers/cats_controller.rb:9:in `index'
Completed 200 OK in 16ms (Views: 14.3ms | ActiveRecord: 1.5ms | Allocations: 3187)


Started GET "/cats" for 127.0.0.1 at 2021-06-13 20:46:59 -0400
Processing by CatsController#index as HTML
  [1m[36mCat Load (0.1ms)[0m  [1m[34mSELECT "cats".* FROM "cats"[0m
  ↳ app/controllers/cats_controller.rb:9:in `index'
  [1m[36mComment Load (0.1ms)[0m  [1m[34mSELECT "comments".* FROM "comments" WHERE "comments"."cat_id" = ?[0m  [["cat_id", 1]]
  ↳ app/controllers/cats_controller.rb:9:in `index'
  [1m[36mComment Load (0.1ms)[0m  [1m[34mSELECT "comments".* FROM "comments" WHERE "comments"."cat_id" = ?[0m  [["cat_id", 3]]
  ↳ app/controllers/cats_controller.rb:9:in `index'
  [1m[36mComment Load (0.1ms)[0m  [1m[34mSELECT "comments".* FROM "comments" WHERE "comments"."cat_id" = ?[0m  [["cat_id", 4]]
  ↳ app/controllers/cats_controller.rb:9:in `index'
Completed 200 OK in 18ms (Views: 17.7ms | ActiveRecord: 0.4ms | Allocations: 3154)


Started GET "/cats" for 127.0.0.1 at 2021-06-13 20:46:59 -0400
Processing by CatsController#index as HTML
  [1m[36mCat Load (0.7ms)[0m  [1m[34mSELECT "cats".* FROM "cats"[0m
  ↳ app/controllers/cats_controller.rb:9:in `index'
  [1m[36mComment Load (0.6ms)[0m  [1m[34mSELECT "comments".* FROM "comments" WHERE "comments"."cat_id" = ?[0m  [["cat_id", 1]]
  ↳ app/controllers/cats_controller.rb:9:in `index'
  [1m[36mComment Load (0.1ms)[0m  [1m[34mSELECT "comments".* FROM "comments" WHERE "comments"."cat_id" = ?[0m  [["cat_id", 3]]
  ↳ app/controllers/cats_controller.rb:9:in `index'
  [1m[36mComment Load (0.1ms)[0m  [1m[34mSELECT "comments".* FROM "comments" WHERE "comments"."cat_id" = ?[0m  [["cat_id", 4]]
  ↳ app/controllers/cats_controller.rb:9:in `index'
Completed 200 OK in 15ms (Views: 13.1ms | ActiveRecord: 1.5ms | Allocations: 3154)


Started GET "/cats" for 127.0.0.1 at 2021-06-13 20:46:59 -0400
Processing by CatsController#index as HTML
  [1m[36mCat Load (0.1ms)[0m  [1m[34mSELECT "cats".* FROM "cats"[0m
  ↳ app/controllers/cats_controller.rb:9:in `index'
  [1m[36mComment Load (0.1ms)[0m  [1m[34mSELECT "comments".* FROM "comments" WHERE "comments"."cat_id" = ?[0m  [["cat_id", 1]]
  ↳ app/controllers/cats_controller.rb:9:in `index'
  [1m[36mComment Load (0.1ms)[0m  [1m[34mSELECT "comments".* FROM "comments" WHERE "comments"."cat_id" = ?[0m  [["cat_id", 3]]
  ↳ app/controllers/cats_controller.rb:9:in `index'
  [1m[36mComment Load (0.1ms)[0m  [1m[34mSELECT "comments".* FROM "comments" WHERE "comments"."cat_id" = ?[0m  [["cat_id", 4]]
  ↳ app/controllers/cats_controller.rb:9:in `index'
Completed 200 OK in 14ms (Views: 13.2ms | ActiveRecord: 0.5ms | Allocations: 3154)


Started POST "/cats" for 127.0.0.1 at 2021-06-13 20:48:15 -0400
Processing by CatsController#create as JSON
  Parameters: {"cat"=>{}}
  [1m[36mTRANSACTION (0.1ms)[0m  [1m[36mbegin transaction[0m
  ↳ app/controllers/cats_controller.rb:26:in `create'
  [1m[36mCat Create (0.4ms)[0m  [1m[32mINSERT INTO "cats" ("likes", "created_at", "updated_at") VALUES (?, ?, ?)[0m  [["likes", "0"], ["created_at", "2021-06-14 00:48:15.621248"], ["updated_at", "2021-06-14 00:48:15.621248"]]
  ↳ app/controllers/cats_controller.rb:26:in `create'
  [1m[36mTRANSACTION (0.6ms)[0m  [1m[36mcommit transaction[0m
  ↳ app/controllers/cats_controller.rb:26:in `create'
Completed 204 No Content in 10ms (ActiveRecord: 1.1ms | Allocations: 1595)


Started POST "/cats" for 127.0.0.1 at 2021-06-13 20:49:59 -0400
Processing by CatsController#create as JSON
  Parameters: {"cat"=>{}}
  [1m[36mTRANSACTION (0.1ms)[0m  [1m[36mbegin transaction[0m
  ↳ app/controllers/cats_controller.rb:26:in `create'
  [1m[36mCat Create (0.4ms)[0m  [1m[32mINSERT INTO "cats" ("likes", "created_at", "updated_at") VALUES (?, ?, ?)[0m  [["likes", "0"], ["created_at", "2021-06-14 00:49:59.674379"], ["updated_at", "2021-06-14 00:49:59.674379"]]
  ↳ app/controllers/cats_controller.rb:26:in `create'
  [1m[36mTRANSACTION (0.7ms)[0m  [1m[36mcommit transaction[0m
  ↳ app/controllers/cats_controller.rb:26:in `create'
Completed 204 No Content in 8ms (ActiveRecord: 1.2ms | Allocations: 1592)


Started POST "/cats" for 127.0.0.1 at 2021-06-13 20:50:49 -0400
Processing by CatsController#create as JSON
  Parameters: {"cat"=>{}}
  [1m[36mTRANSACTION (0.0ms)[0m  [1m[36mbegin transaction[0m
  ↳ app/controllers/cats_controller.rb:26:in `create'
  [1m[36mCat Create (0.4ms)[0m  [1m[32mINSERT INTO "cats" ("likes", "created_at", "updated_at") VALUES (?, ?, ?)[0m  [["likes", "0"], ["created_at", "2021-06-14 00:50:49.473724"], ["updated_at", "2021-06-14 00:50:49.473724"]]
  ↳ app/controllers/cats_controller.rb:26:in `create'
  [1m[36mTRANSACTION (0.5ms)[0m  [1m[36mcommit transaction[0m
  ↳ app/controllers/cats_controller.rb:26:in `create'
Completed 204 No Content in 9ms (ActiveRecord: 1.0ms | Allocations: 1592)


Started POST "/cats" for 127.0.0.1 at 2021-06-13 20:51:34 -0400
Processing by CatsController#create as JSON
  Parameters: {"cat"=>{}}
  [1m[36mTRANSACTION (0.1ms)[0m  [1m[36mbegin transaction[0m
  ↳ app/controllers/cats_controller.rb:26:in `create'
  [1m[36mCat Create (0.4ms)[0m  [1m[32mINSERT INTO "cats" ("likes", "created_at", "updated_at") VALUES (?, ?, ?)[0m  [["likes", "0"], ["created_at", "2021-06-14 00:51:34.988574"], ["updated_at", "2021-06-14 00:51:34.988574"]]
  ↳ app/controllers/cats_controller.rb:26:in `create'
  [1m[36mTRANSACTION (0.6ms)[0m  [1m[36mcommit transaction[0m
  ↳ app/controllers/cats_controller.rb:26:in `create'
Completed 204 No Content in 9ms (ActiveRecord: 1.1ms | Allocations: 1592)


Started POST "/cats" for 127.0.0.1 at 2021-06-13 20:51:48 -0400
Processing by CatsController#create as JSON
  Parameters: {"cat"=>{}}
  [1m[36mTRANSACTION (0.0ms)[0m  [1m[36mbegin transaction[0m
  ↳ app/controllers/cats_controller.rb:26:in `create'
  [1m[36mCat Create (0.8ms)[0m  [1m[32mINSERT INTO "cats" ("likes", "created_at", "updated_at") VALUES (?, ?, ?)[0m  [["likes", "0"], ["created_at", "2021-06-14 00:51:48.672403"], ["updated_at", "2021-06-14 00:51:48.672403"]]
  ↳ app/controllers/cats_controller.rb:26:in `create'
  [1m[36mTRANSACTION (0.5ms)[0m  [1m[36mcommit transaction[0m
  ↳ app/controllers/cats_controller.rb:26:in `create'
Completed 204 No Content in 9ms (ActiveRecord: 1.4ms | Allocations: 1595)


Started POST "/cats" for 127.0.0.1 at 2021-06-13 20:52:53 -0400
Processing by CatsController#create as JSON
  Parameters: {"name"=>"Milka", "image"=>"http://catsitterdiary.com/learnco/react/cats/2.jpg", "cat"=>{"name"=>"Milka", "image"=>"http://catsitterdiary.com/learnco/react/cats/2.jpg"}}
  [1m[36mTRANSACTION (0.1ms)[0m  [1m[36mbegin transaction[0m
  ↳ app/controllers/cats_controller.rb:26:in `create'
  [1m[36mCat Create (1.4ms)[0m  [1m[32mINSERT INTO "cats" ("name", "image", "likes", "created_at", "updated_at") VALUES (?, ?, ?, ?, ?)[0m  [["name", "Milka"], ["image", "http://catsitterdiary.com/learnco/react/cats/2.jpg"], ["likes", "0"], ["created_at", "2021-06-14 00:52:53.970069"], ["updated_at", "2021-06-14 00:52:53.970069"]]
  ↳ app/controllers/cats_controller.rb:26:in `create'
  [1m[36mTRANSACTION (0.6ms)[0m  [1m[36mcommit transaction[0m
  ↳ app/controllers/cats_controller.rb:26:in `create'
Completed 204 No Content in 6ms (ActiveRecord: 2.1ms | Allocations: 1615)


Started GET "/cats" for 127.0.0.1 at 2021-06-13 20:53:07 -0400
Processing by CatsController#index as HTML
  [1m[36mCat Load (0.2ms)[0m  [1m[34mSELECT "cats".* FROM "cats"[0m
  ↳ app/controllers/cats_controller.rb:9:in `index'
  [1m[36mComment Load (0.1ms)[0m  [1m[34mSELECT "comments".* FROM "comments" WHERE "comments"."cat_id" = ?[0m  [["cat_id", 1]]
  ↳ app/controllers/cats_controller.rb:9:in `index'
  [1m[36mComment Load (0.1ms)[0m  [1m[34mSELECT "comments".* FROM "comments" WHERE "comments"."cat_id" = ?[0m  [["cat_id", 3]]
  ↳ app/controllers/cats_controller.rb:9:in `index'
  [1m[36mComment Load (0.1ms)[0m  [1m[34mSELECT "comments".* FROM "comments" WHERE "comments"."cat_id" = ?[0m  [["cat_id", 4]]
  ↳ app/controllers/cats_controller.rb:9:in `index'
  [1m[36mComment Load (0.1ms)[0m  [1m[34mSELECT "comments".* FROM "comments" WHERE "comments"."cat_id" = ?[0m  [["cat_id", 5]]
  ↳ app/controllers/cats_controller.rb:9:in `index'
  [1m[36mComment Load (0.1ms)[0m  [1m[34mSELECT "comments".* FROM "comments" WHERE "comments"."cat_id" = ?[0m  [["cat_id", 6]]
  ↳ app/controllers/cats_controller.rb:9:in `index'
  [1m[36mComment Load (0.1ms)[0m  [1m[34mSELECT "comments".* FROM "comments" WHERE "comments"."cat_id" = ?[0m  [["cat_id", 7]]
  ↳ app/controllers/cats_controller.rb:9:in `index'
  [1m[36mComment Load (0.1ms)[0m  [1m[34mSELECT "comments".* FROM "comments" WHERE "comments"."cat_id" = ?[0m  [["cat_id", 8]]
  ↳ app/controllers/cats_controller.rb:9:in `index'
  [1m[36mComment Load (0.1ms)[0m  [1m[34mSELECT "comments".* FROM "comments" WHERE "comments"."cat_id" = ?[0m  [["cat_id", 9]]
  ↳ app/controllers/cats_controller.rb:9:in `index'
  [1m[36mComment Load (0.1ms)[0m  [1m[34mSELECT "comments".* FROM "comments" WHERE "comments"."cat_id" = ?[0m  [["cat_id", 10]]
  ↳ app/controllers/cats_controller.rb:9:in `index'
Completed 200 OK in 14ms (Views: 12.8ms | ActiveRecord: 0.9ms | Allocations: 7829)


Started GET "/cats" for 127.0.0.1 at 2021-06-13 20:53:57 -0400
Processing by CatsController#index as */*
  [1m[36mCat Load (1.2ms)[0m  [1m[34mSELECT "cats".* FROM "cats"[0m
  ↳ app/controllers/cats_controller.rb:9:in `index'
  [1m[36mComment Load (0.1ms)[0m  [1m[34mSELECT "comments".* FROM "comments" WHERE "comments"."cat_id" = ?[0m  [["cat_id", 1]]
  ↳ app/controllers/cats_controller.rb:9:in `index'
  [1m[36mComment Load (0.1ms)[0m  [1m[34mSELECT "comments".* FROM "comments" WHERE "comments"."cat_id" = ?[0m  [["cat_id", 10]]
  ↳ app/controllers/cats_controller.rb:9:in `index'
Completed 200 OK in 16ms (Views: 12.2ms | ActiveRecord: 1.4ms | Allocations: 2398)


Started GET "/cats" for 127.0.0.1 at 2021-06-13 20:55:48 -0400
Processing by CatsController#index as */*
  [1m[36mCat Load (0.2ms)[0m  [1m[34mSELECT "cats".* FROM "cats"[0m
  ↳ app/controllers/cats_controller.rb:9:in `index'
  [1m[36mComment Load (0.1ms)[0m  [1m[34mSELECT "comments".* FROM "comments" WHERE "comments"."cat_id" = ?[0m  [["cat_id", 1]]
  ↳ app/controllers/cats_controller.rb:9:in `index'
  [1m[36mComment Load (0.1ms)[0m  [1m[34mSELECT "comments".* FROM "comments" WHERE "comments"."cat_id" = ?[0m  [["cat_id", 10]]
  ↳ app/controllers/cats_controller.rb:9:in `index'
Completed 200 OK in 5ms (Views: 4.3ms | ActiveRecord: 0.4ms | Allocations: 2398)


Started GET "/cats" for 127.0.0.1 at 2021-06-13 20:57:06 -0400
Processing by CatsController#index as */*
  [1m[36mCat Load (0.3ms)[0m  [1m[34mSELECT "cats".* FROM "cats"[0m
  ↳ app/controllers/cats_controller.rb:9:in `index'
  [1m[36mComment Load (0.1ms)[0m  [1m[34mSELECT "comments".* FROM "comments" WHERE "comments"."cat_id" = ?[0m  [["cat_id", 1]]
  ↳ app/controllers/cats_controller.rb:9:in `index'
  [1m[36mComment Load (0.1ms)[0m  [1m[34mSELECT "comments".* FROM "comments" WHERE "comments"."cat_id" = ?[0m  [["cat_id", 10]]
  ↳ app/controllers/cats_controller.rb:9:in `index'
Completed 200 OK in 4ms (Views: 3.6ms | ActiveRecord: 0.5ms | Allocations: 2398)


Started GET "/cats" for 127.0.0.1 at 2021-06-13 20:57:21 -0400
Processing by CatsController#index as */*
  [1m[36mCat Load (0.1ms)[0m  [1m[34mSELECT "cats".* FROM "cats"[0m
  ↳ app/controllers/cats_controller.rb:9:in `index'
  [1m[36mComment Load (0.5ms)[0m  [1m[34mSELECT "comments".* FROM "comments" WHERE "comments"."cat_id" = ?[0m  [["cat_id", 1]]
  ↳ app/controllers/cats_controller.rb:9:in `index'
  [1m[36mComment Load (0.1ms)[0m  [1m[34mSELECT "comments".* FROM "comments" WHERE "comments"."cat_id" = ?[0m  [["cat_id", 10]]
  ↳ app/controllers/cats_controller.rb:9:in `index'
Completed 200 OK in 7ms (Views: 6.2ms | ActiveRecord: 0.7ms | Allocations: 2398)


Started GET "/cats" for 127.0.0.1 at 2021-06-13 20:57:24 -0400
Processing by CatsController#index as */*
  [1m[36mCat Load (0.1ms)[0m  [1m[34mSELECT "cats".* FROM "cats"[0m
  ↳ app/controllers/cats_controller.rb:9:in `index'
  [1m[36mComment Load (0.1ms)[0m  [1m[34mSELECT "comments".* FROM "comments" WHERE "comments"."cat_id" = ?[0m  [["cat_id", 1]]
  ↳ app/controllers/cats_controller.rb:9:in `index'
  [1m[36mComment Load (0.1ms)[0m  [1m[34mSELECT "comments".* FROM "comments" WHERE "comments"."cat_id" = ?[0m  [["cat_id", 10]]
  ↳ app/controllers/cats_controller.rb:9:in `index'
Completed 200 OK in 5ms (Views: 4.2ms | ActiveRecord: 0.3ms | Allocations: 2398)


Started GET "/cats" for 127.0.0.1 at 2021-06-13 20:57:41 -0400
Processing by CatsController#index as */*
  [1m[36mCat Load (0.1ms)[0m  [1m[34mSELECT "cats".* FROM "cats"[0m
  ↳ app/controllers/cats_controller.rb:9:in `index'
  [1m[36mComment Load (0.1ms)[0m  [1m[34mSELECT "comments".* FROM "comments" WHERE "comments"."cat_id" = ?[0m  [["cat_id", 1]]
  ↳ app/controllers/cats_controller.rb:9:in `index'
  [1m[36mComment Load (0.1ms)[0m  [1m[34mSELECT "comments".* FROM "comments" WHERE "comments"."cat_id" = ?[0m  [["cat_id", 10]]
  ↳ app/controllers/cats_controller.rb:9:in `index'
Completed 200 OK in 4ms (Views: 3.5ms | ActiveRecord: 0.3ms | Allocations: 2398)


